2023-02-20 15:55:46,379 Camera module could not be imported. Continuing in testing mode.
2023-02-20 15:55:46,380 Created directories for images and other save files.
2023-02-20 15:55:46,380 Running in testing mode.
2023-02-20 15:55:46,386 Taken picture 1
2023-02-20 15:55:46,387 Taken picture 2
2023-02-20 15:55:46,389 Taken picture 3
2023-02-20 15:55:46,392 Taken picture 4
2023-02-20 15:55:46,394 Taken picture 5
2023-02-20 15:55:46,396 Taken picture 6
2023-02-20 15:55:46,398 Taken picture 7
2023-02-20 15:55:46,400 Taken picture 8
2023-02-20 15:55:46,401 Taken picture 9
2023-02-20 15:55:46,403 Taken picture 10
2023-02-20 15:55:46,405 Taken picture 11
2023-02-20 15:55:46,406 Taken picture 12
2023-02-20 15:55:46,408 Taken picture 13
2023-02-20 15:55:46,410 Taken picture 14
2023-02-20 15:55:46,412 Taken picture 15
2023-02-20 15:55:46,414 Taken picture 16
2023-02-20 15:55:46,416 Taken picture 17
2023-02-20 15:55:46,417 Taken picture 18
2023-02-20 15:55:46,418 Taken picture 19
2023-02-20 15:55:46,421 Taken picture 20
2023-02-20 15:55:46,422 Taken picture 21
2023-02-20 15:55:46,424 Taken picture 22
2023-02-20 15:55:46,425 Taken picture 23
2023-02-20 15:55:46,427 Taken picture 24
2023-02-20 15:55:46,429 Taken picture 25
2023-02-20 15:55:46,431 Taken picture 26
2023-02-20 15:55:46,432 Taken picture 27
2023-02-20 15:55:46,433 Taken picture 28
2023-02-20 15:55:46,435 Taken picture 29
2023-02-20 15:55:46,437 Taken picture 30
2023-02-20 15:55:46,438 Taken picture 31
2023-02-20 15:55:46,440 Taken picture 32
2023-02-20 15:55:46,441 Taken picture 33
2023-02-20 15:55:46,442 Taken picture 34
2023-02-20 15:55:46,445 Taken picture 35
2023-02-20 15:55:46,447 Taken picture 36
2023-02-20 15:55:46,448 Taken picture 37
2023-02-20 15:55:46,450 Taken picture 38
2023-02-20 15:55:46,451 Taken picture 39
2023-02-20 15:55:46,453 Taken picture 40
2023-02-20 15:55:46,454 Taken picture 41
2023-02-20 15:55:46,456 Taken picture 42
2023-02-20 15:55:46,457 Taken picture 43
2023-02-20 15:55:46,459 Taken picture 44
2023-02-20 15:55:46,461 Taken picture 45
2023-02-20 15:55:46,463 Taken picture 46
2023-02-20 15:55:46,464 Taken picture 47
2023-02-20 15:55:46,466 Taken picture 48
2023-02-20 15:55:46,468 Taken picture 49
2023-02-20 15:55:46,469 Taken picture 50
2023-02-20 15:55:46,471 Taken picture 51
2023-02-20 15:55:46,473 Taken picture 52
2023-02-20 15:55:46,474 Taken picture 53
2023-02-20 15:55:46,476 Taken picture 54
2023-02-20 15:55:46,477 Taken picture 55
2023-02-20 15:55:46,479 Taken picture 56
2023-02-20 15:55:46,481 Taken picture 57
2023-02-20 15:55:46,483 Taken picture 58
2023-02-20 15:55:46,484 Taken picture 59
2023-02-20 15:55:46,486 Taken picture 60
2023-02-20 15:55:46,487 Taken picture 61
2023-02-20 15:55:46,488 Taken picture 62
2023-02-20 15:55:46,490 Taken picture 63
2023-02-20 15:55:46,491 Taken picture 64
2023-02-20 15:55:46,493 Taken picture 65
2023-02-20 15:55:46,494 Taken picture 66
2023-02-20 15:55:46,496 Taken picture 67
2023-02-20 15:55:46,498 Taken picture 68
2023-02-20 15:55:46,500 Taken picture 69
2023-02-20 15:55:46,501 Taken picture 70
2023-02-20 15:55:46,503 Taken picture 71
2023-02-20 15:55:46,504 Taken picture 72
2023-02-20 15:55:46,505 Taken picture 73
2023-02-20 15:55:46,507 Taken picture 74
2023-02-20 15:55:46,508 Taken picture 75
2023-02-20 15:55:46,509 Taken picture 76
2023-02-20 15:55:46,511 Taken picture 77
2023-02-20 15:55:46,514 Taken picture 78
2023-02-20 15:55:46,515 Taken picture 79
2023-02-20 15:55:46,517 Taken picture 80
2023-02-20 15:55:46,518 Taken picture 81
2023-02-20 15:55:46,520 Taken picture 82
2023-02-20 15:55:46,521 Taken picture 83
2023-02-20 15:55:46,522 Taken picture 84
2023-02-20 15:55:46,524 Taken picture 85
2023-02-20 15:55:46,525 Taken picture 86
2023-02-20 15:55:46,527 Taken picture 87
2023-02-20 15:55:46,529 Taken picture 88
2023-02-20 15:55:46,531 Taken picture 89
2023-02-20 15:55:46,533 Taken picture 90
2023-02-20 15:55:46,534 Taken picture 91
2023-02-20 15:55:46,535 Taken picture 92
2023-02-20 15:55:46,536 Taken picture 93
2023-02-20 15:55:46,538 Taken picture 94
2023-02-20 15:55:46,539 Taken picture 95
2023-02-20 15:55:46,541 Taken picture 96
2023-02-20 15:55:46,542 Taken picture 97
2023-02-20 15:55:46,543 Taken picture 98
2023-02-20 15:55:46,545 Taken picture 99
2023-02-20 15:55:46,547 Taken picture 100
2023-02-20 15:55:46,549 Taken picture 101
2023-02-20 15:55:46,550 Taken picture 102
2023-02-20 15:55:46,551 Taken picture 103
2023-02-20 15:55:46,553 Taken picture 104
2023-02-20 15:55:46,554 Taken picture 105
2023-02-20 15:55:46,556 Taken picture 106
2023-02-20 15:55:46,557 Taken picture 107
2023-02-20 15:55:46,558 Taken picture 108
2023-02-20 15:55:46,560 Taken picture 109
2023-02-20 15:55:46,562 Taken picture 110
2023-02-20 15:55:46,563 Taken picture 111
2023-02-20 15:55:46,565 Taken picture 112
2023-02-20 15:55:46,567 Taken picture 113
2023-02-20 15:55:46,568 Taken picture 114
2023-02-20 15:55:46,569 Taken picture 115
2023-02-20 15:55:46,573 Taken picture 116
2023-02-20 15:55:46,577 Taken picture 117
2023-02-20 15:55:46,581 Taken picture 118
2023-02-20 15:55:46,589 Taken picture 119
2023-02-20 15:55:46,597 Taken picture 120
2023-02-20 15:55:46,604 Taken picture 121
2023-02-20 15:55:46,605 Taken picture 122
2023-02-20 15:55:46,607 Taken picture 123
2023-02-20 15:55:46,608 Taken picture 124
2023-02-20 15:55:46,610 Taken picture 125
2023-02-20 15:55:46,612 Taken picture 126
2023-02-20 15:55:46,614 Taken picture 127
2023-02-20 15:55:46,619 Taken picture 128
2023-02-20 15:55:46,621 Taken picture 129
2023-02-20 15:55:46,623 Taken picture 130
2023-02-20 15:55:46,625 Taken picture 131
2023-02-20 15:55:46,627 Taken picture 132
2023-02-20 15:55:46,628 Taken picture 133
2023-02-20 15:55:46,630 Taken picture 134
2023-02-20 15:55:46,632 Taken picture 135
2023-02-20 15:55:46,634 Taken picture 136
2023-02-20 15:55:46,636 Taken picture 137
2023-02-20 15:55:46,637 Taken picture 138
2023-02-20 15:55:46,639 Taken picture 139
2023-02-20 15:55:46,640 Taken picture 140
2023-02-20 15:55:46,642 Taken picture 141
2023-02-20 15:55:46,643 Taken picture 142
2023-02-20 15:55:46,644 Taken picture 143
2023-02-20 15:55:46,646 Taken picture 144
2023-02-20 15:55:46,648 Taken picture 145
2023-02-20 15:55:46,649 Taken picture 146
2023-02-20 15:55:46,651 Taken picture 147
2023-02-20 15:55:46,652 Taken picture 148
2023-02-20 15:55:46,654 Taken picture 149
2023-02-20 15:55:46,655 Taken picture 150
2023-02-20 15:55:46,656 Taken picture 151
2023-02-20 15:55:46,658 Taken picture 152
2023-02-20 15:55:46,659 Taken picture 153
2023-02-20 15:55:46,661 Taken picture 154
2023-02-20 15:55:46,663 Taken picture 155
2023-02-20 15:55:46,664 Taken picture 156
2023-02-20 15:55:46,666 Taken picture 157
2023-02-20 15:55:46,667 Taken picture 158
2023-02-20 15:55:46,669 Taken picture 159
2023-02-20 15:55:46,670 Taken picture 160
2023-02-20 15:55:46,672 Taken picture 161
2023-02-20 15:55:46,673 Taken picture 162
2023-02-20 15:55:46,674 Taken picture 163
2023-02-20 15:55:46,676 Taken picture 164
2023-02-20 15:55:46,677 Taken picture 165
2023-02-20 15:55:46,679 Taken picture 166
2023-02-20 15:55:46,680 Taken picture 167
2023-02-20 15:55:46,682 Taken picture 168
2023-02-20 15:55:46,683 Taken picture 169
2023-02-20 15:55:46,685 Taken picture 170
2023-02-20 15:55:46,686 Taken picture 171
2023-02-20 15:55:46,688 Taken picture 172
2023-02-20 15:55:46,689 Taken picture 173
2023-02-20 15:55:46,690 Taken picture 174
2023-02-20 15:55:46,692 Taken picture 175
2023-02-20 15:55:46,693 Taken picture 176
2023-02-20 15:55:46,695 Taken picture 177
2023-02-20 15:55:46,697 Taken picture 178
2023-02-20 15:55:46,699 Taken picture 179
2023-02-20 15:55:46,700 Taken picture 180
2023-02-20 15:55:46,701 Taken picture 181
2023-02-20 15:55:46,703 Taken picture 182
2023-02-20 15:55:46,704 Taken picture 183
2023-02-20 15:55:46,706 Taken picture 184
2023-02-20 15:55:46,707 Taken picture 185
2023-02-20 15:55:46,708 Taken picture 186
2023-02-20 15:55:46,710 Taken picture 187
2023-02-20 15:55:46,712 Taken picture 188
2023-02-20 15:55:46,714 Taken picture 189
2023-02-20 15:55:46,716 Taken picture 190
2023-02-20 15:55:46,717 Taken picture 191
2023-02-20 15:55:46,718 Taken picture 192
2023-02-20 15:55:46,720 Taken picture 193
2023-02-20 15:55:46,722 Taken picture 194
2023-02-20 15:55:46,723 Taken picture 195
2023-02-20 15:55:46,724 Taken picture 196
2023-02-20 15:55:46,726 Taken picture 197
2023-02-20 15:55:46,728 Taken picture 198
2023-02-20 15:55:46,730 Taken picture 199
2023-02-20 15:55:46,732 Taken picture 200
2023-02-20 15:55:46,734 Taken picture 201
2023-02-20 15:55:46,735 Taken picture 202
2023-02-20 15:55:46,736 Taken picture 203
2023-02-20 15:55:46,738 Taken picture 204
2023-02-20 15:55:46,739 Taken picture 205
2023-02-20 15:55:46,741 Taken picture 206
2023-02-20 15:55:46,742 Taken picture 207
2023-02-20 15:55:46,744 Taken picture 208
2023-02-20 15:55:46,746 Taken picture 209
2023-02-20 15:55:46,748 Taken picture 210
2023-02-20 15:55:46,749 Taken picture 211
2023-02-20 15:55:46,751 Taken picture 212
2023-02-20 15:55:46,752 Taken picture 213
2023-02-20 15:55:46,754 Taken picture 214
2023-02-20 15:55:46,755 Taken picture 215
2023-02-20 15:55:46,757 Taken picture 216
2023-02-20 15:55:46,758 Taken picture 217
2023-02-20 15:55:46,759 Taken picture 218
2023-02-20 15:55:46,761 Taken picture 219
2023-02-20 15:55:46,763 Taken picture 220
2023-02-20 15:55:46,765 Taken picture 221
2023-02-20 15:55:46,766 Taken picture 222
2023-02-20 15:55:46,767 Taken picture 223
2023-02-20 15:55:46,769 Taken picture 224
2023-02-20 15:55:46,770 Taken picture 225
2023-02-20 15:55:46,771 Taken picture 226
2023-02-20 15:55:46,773 Taken picture 227
2023-02-20 15:55:46,774 Taken picture 228
2023-02-20 15:55:46,776 Taken picture 229
2023-02-20 15:55:46,777 Taken picture 230
2023-02-20 15:55:46,779 Taken picture 231
2023-02-20 15:55:46,781 Taken picture 232
2023-02-20 15:55:46,782 Taken picture 233
2023-02-20 15:55:46,783 Taken picture 234
2023-02-20 15:55:46,785 Taken picture 235
2023-02-20 15:55:46,786 Taken picture 236
2023-02-20 15:55:46,787 Taken picture 237
2023-02-20 15:55:46,789 Taken picture 238
2023-02-20 15:55:46,790 Taken picture 239
2023-02-20 15:55:46,791 Taken picture 240
2023-02-20 15:55:46,792 Taken picture 241
2023-02-20 15:55:46,794 Taken picture 242
2023-02-20 15:55:46,796 Taken picture 243
2023-02-20 15:55:46,798 Taken picture 244
2023-02-20 15:55:46,799 Taken picture 245
2023-02-20 15:55:46,801 Taken picture 246
2023-02-20 15:55:46,802 Taken picture 247
2023-02-20 15:55:46,803 Taken picture 248
2023-02-20 15:55:46,805 Taken picture 249
2023-02-20 15:55:46,806 Taken picture 250
2023-02-20 15:55:46,808 Taken picture 251
2023-02-20 15:55:46,809 Taken picture 252
2023-02-20 15:55:46,811 Taken picture 253
2023-02-20 15:55:46,813 Taken picture 254
2023-02-20 15:55:46,815 Taken picture 255
2023-02-20 15:55:46,816 Taken picture 256
2023-02-20 15:55:46,817 Taken picture 257
2023-02-20 15:55:46,818 Taken picture 258
2023-02-20 15:55:46,820 Taken picture 259
2023-02-20 15:55:46,820 Taken picture 260
2023-02-20 15:55:46,823 Taken picture 261
2023-02-20 15:55:46,824 Taken picture 262
2023-02-20 15:55:46,826 Taken picture 263
2023-02-20 15:55:46,827 Taken picture 264
2023-02-20 15:55:46,829 Taken picture 265
2023-02-20 15:55:46,831 Taken picture 266
2023-02-20 15:55:46,832 Taken picture 267
2023-02-20 15:55:46,834 Taken picture 268
2023-02-20 15:55:46,835 Taken picture 269
2023-02-20 15:55:46,837 Taken picture 270
2023-02-20 15:55:46,837 Program ended cleanly.
